[2023-07-02 09:14:40] [DEBUG] user=<github.MainClass.Github object at 0x7f029b77aeb0>
[2023-07-02 09:14:40] [DEBUG] me=wjwever
[2023-07-02 09:14:40] [DEBUG] repo=Repository(full_name="wjwever/gitblog")
[2023-07-02 09:14:41] [DEBUG] 	md_label.name=cuda
[2023-07-02 09:14:41] [DEBUG] 		issues.totalCount=1
[2023-07-02 09:14:41] [DEBUG] 			issue_title=开始学习cuda
[2023-07-02 09:14:41] [DEBUG] 	md_label.name=开发工具
[2023-07-02 09:14:41] [DEBUG] 		issues.totalCount=4
[2023-07-02 09:14:41] [DEBUG] 			issue_title=lunarvim+lazyvim
[2023-07-02 09:14:41] [DEBUG] 			issue_title=vim-surround插件
[2023-07-02 09:14:41] [DEBUG] 			issue_title=开始使用vscode
[2023-07-02 09:14:41] [DEBUG] 			issue_title=ctags使用方法
[2023-07-02 09:14:41] [DEBUG] 	md_label.name=Top
[2023-07-02 09:14:41] [DEBUG] 	md_label.name=c++开发
[2023-07-02 09:14:42] [DEBUG] 		issues.totalCount=8
[2023-07-02 09:14:42] [DEBUG] 			issue_title=c++ 类的静态函数提示找不到定义
[2023-07-02 09:14:42] [DEBUG] 			issue_title=c++ 符号暴露问题
[2023-07-02 09:14:42] [DEBUG] 			issue_title=c++ 编译系统BLADE
[2023-07-02 09:14:42] [DEBUG] 			issue_title=c++ clock函数的坑
[2023-07-02 09:14:42] [DEBUG] 			issue_title=C++ lambda表达式
[2023-07-02 09:14:42] [DEBUG] 			issue_title=c++编译过程阅读笔记
[2023-07-02 09:14:42] [DEBUG] 			issue_title=c++运算符优先级
[2023-07-02 09:14:42] [DEBUG] 			issue_title=c++如何释放vector的内存
[2023-07-02 09:14:42] [DEBUG] 	md_label.name=cmake
[2023-07-02 09:14:42] [DEBUG] 		issues.totalCount=0
[2023-07-02 09:14:42] [DEBUG] 	md_label.name=wenet
[2023-07-02 09:14:42] [DEBUG] 		issues.totalCount=6
[2023-07-02 09:14:42] [DEBUG] 			issue_title=add_sos_eos
[2023-07-02 09:14:42] [DEBUG] 			issue_title=layer norm层
[2023-07-02 09:14:42] [DEBUG] 			issue_title=计算均值方差
[2023-07-02 09:14:42] [DEBUG] 			issue_title=降采样模块Conv2dSubsampling4
[2023-07-02 09:14:42] [DEBUG] 			issue_title=wenet transformer 模型
[2023-07-02 09:14:42] [DEBUG] 			issue_title=wenet学习
[2023-07-02 09:14:42] [DEBUG] 	md_label.name=待办事项
[2023-07-02 09:14:42] [DEBUG] 		issues.totalCount=0
[2023-07-02 09:14:42] [DEBUG] 	md_label.name=杂七杂八
[2023-07-02 09:14:42] [DEBUG] 		issues.totalCount=10
[2023-07-02 09:14:42] [DEBUG] 			issue_title=代码生成工具
[2023-07-02 09:14:42] [DEBUG] 			issue_title=pytorch dataload学习
[2023-07-02 09:14:42] [DEBUG] 			issue_title=beam search
[2023-07-02 09:14:42] [DEBUG] 			issue_title=PCM数据格式
[2023-07-02 09:14:42] [DEBUG] 			issue_title=先验概率和后验概率
[2023-07-02 09:14:42] [DEBUG] 			issue_title=shell scripts
[2023-07-02 09:14:42] [DEBUG] 			issue_title=Linux限速解压
[2023-07-02 09:14:42] [DEBUG] 			issue_title=git如何撤销
[2023-07-02 09:14:42] [DEBUG] 			issue_title=github 代码比较
[2023-07-02 09:14:42] [DEBUG] 			issue_title=Python 协程
[2023-07-02 09:14:42] [DEBUG] 	md_label.name=生活笔记
[2023-07-02 09:14:43] [DEBUG] 		issues.totalCount=1
[2023-07-02 09:14:43] [DEBUG] 			issue_title=一些杂想
[2023-07-02 09:14:43] [DEBUG] 	md_label.name=读书笔记
[2023-07-02 09:14:43] [DEBUG] 		issues.totalCount=2
[2023-07-02 09:14:43] [DEBUG] 			issue_title=《字节跳动：从0到1的秘密》
[2023-07-02 09:14:43] [DEBUG] 			issue_title=《选择》
